<!DOCTYPE html PUBLIC "-//W3C//DTD XHTML 1.1//EN" "http://www.w3.org/TR/xhtml11/DTD/xhtml11.dtd">
<html xmlns="http://www.w3.org/1999/xhtml">
<head>
<meta http-equiv="content-type" content="text/html; charset=UTF-8"/>
<title>TestNG Report</title>
<style type="text/css">table {margin-bottom:10px;border-collapse:collapse;empty-cells:show}th,td {border:1px solid #009;padding:.25em .5em}th {vertical-align:bottom}td {vertical-align:top}table a {font-weight:bold}.stripe td {background-color: #E6EBF9}.num {text-align:right}.passedodd td {background-color: #3F3}.passedeven td {background-color: #0A0}.skippedodd td {background-color: #DDD}.skippedeven td {background-color: #CCC}.failedodd td,.attn {background-color: #F33}.failedeven td,.stripe .attn {background-color: #D00}.stacktrace {white-space:pre;font-family:monospace}.totop {font-size:85%;text-align:center;border-bottom:2px solid #000}.invisible {display:none}</style>
</head>
<body>
<table>
<tr><th>Test</th><th># Passed</th><th># Skipped</th><th># Failed</th><th>Time (ms)</th><th>Included Groups</th><th>Excluded Groups</th></tr>
<tr><th colspan="7">Suite</th></tr>
<tr><td><a href="#t0">Test chrome</a></td><td class="num">4</td><td class="num">0</td><td class="num attn">1</td><td class="num">208.598</td><td></td><td></td></tr>
<tr class="stripe"><td><a href="#t1">Test edge</a></td><td class="num">4</td><td class="num">0</td><td class="num attn">1</td><td class="num">218.447</td><td></td><td></td></tr>
<tr><th>Total</th><th class="num">8</th><th class="num">0</th><th class="num attn">2</th><th class="num">427.045</th><th colspan="2"></th></tr>
</table>
<table id='summary'><thead><tr><th>Class</th><th>Method</th><th>Start</th><th>Time (ms)</th></tr></thead><tbody><tr><th colspan="4">Suite</th></tr></tbody><tbody id="t0"><tr><th colspan="4">Test chrome &#8212; failed</th></tr><tr class="failedeven"><td rowspan="1">AmazonTest</td><td><a href="#m0">deleteProductTest</a></td><td rowspan="1">1676681872815</td><td rowspan="1">27941</td></tr><tr><th colspan="4">Test chrome &#8212; passed</th></tr><tr class="passedeven"><td rowspan="4">AmazonTest</td><td><a href="#m1">changeSettingsTest</a></td><td rowspan="1">1676681738207</td><td rowspan="1">16920</td></tr><tr class="passedeven"><td><a href="#m2">checkCartTest</a></td><td rowspan="1">1676681762841</td><td rowspan="1">46118</td></tr><tr class="passedeven"><td><a href="#m3">checkFiltersTest</a></td><td rowspan="1">1676681819750</td><td rowspan="1">40073</td></tr><tr class="passedeven"><td><a href="#m4">productSearchTest</a></td><td rowspan="1">1676681908137</td><td rowspan="1">29650</td></tr></tbody>
<tbody id="t1"><tr><th colspan="4">Test edge &#8212; failed</th></tr><tr class="failedeven"><td rowspan="1">AmazonTest</td><td><a href="#m5">checkCartTest</a></td><td rowspan="1">1676681772979</td><td rowspan="1">28580</td></tr><tr><th colspan="4">Test edge &#8212; passed</th></tr><tr class="passedeven"><td rowspan="4">AmazonTest</td><td><a href="#m6">changeSettingsTest</a></td><td rowspan="1">1676681745069</td><td rowspan="1">13956</td></tr><tr class="passedeven"><td><a href="#m7">checkFiltersTest</a></td><td rowspan="1">1676681812451</td><td rowspan="1">41336</td></tr><tr class="passedeven"><td><a href="#m8">deleteProductTest</a></td><td rowspan="1">1676681864404</td><td rowspan="1">42013</td></tr><tr class="passedeven"><td><a href="#m9">productSearchTest</a></td><td rowspan="1">1676681917805</td><td rowspan="1">29723</td></tr></tbody>
</table>
<h2>Test chrome</h2><h3 id="m0">AmazonTest#deleteProductTest</h3><table class="result"><tr><th>Exception</th></tr><tr><td><div class="stacktrace">org.openqa.selenium.NoSuchElementException: no such element: Unable to locate element: {&quot;method&quot;:&quot;xpath&quot;,&quot;selector&quot;:&quot;//*[@id=&quot;attach-sidesheet-view-cart-button&quot;]/span/input&quot;}
  (Session info: chrome=110.0.5481.97)
For documentation on this error, please visit: http://seleniumhq.org/exceptions/no_such_element.html
Build info: version: &apos;3.12.0&apos;, revision: &apos;7c6e0b3&apos;, time: &apos;2018-05-08T14:04:26.12Z&apos;
System info: host: &apos;DESKTOP-VR8NC81&apos;, ip: &apos;192.168.0.11&apos;, os.name: &apos;Windows 10&apos;, os.arch: &apos;amd64&apos;, os.version: &apos;10.0&apos;, java.version: &apos;19.0.2&apos;
Driver info: org.openqa.selenium.remote.RemoteWebDriver
Capabilities {acceptInsecureCerts: false, browserName: chrome, browserVersion: 110.0.5481.97, chrome: {chromedriverVersion: 110.0.5481.77 (65ed616c6e8e..., userDataDir: C:\Users\Nikolina\AppData\L...}, goog:chromeOptions: {debuggerAddress: localhost:55276}, javascriptEnabled: true, networkConnectionEnabled: false, pageLoadStrategy: normal, platform: WINDOWS, platformName: WINDOWS, proxy: Proxy(), se:bidiEnabled: false, se:cdp: ws://192.168.0.11:4444/sess..., se:cdpVersion: 110.0.5481.97, setWindowRect: true, strictFileInteractability: false, timeouts: {implicit: 0, pageLoad: 300000, script: 30000}, unhandledPromptBehavior: dismiss and notify, webauthn:extension:credBlob: true, webauthn:extension:largeBlob: true, webauthn:virtualAuthenticators: true}
Session ID: 291ac4c2627dd97d98b34d476d6c90e9
*** Element info: {Using=xpath, value=//*[@id=&quot;attach-sidesheet-view-cart-button&quot;]/span/input}
	at org.openqa.selenium.remote.http.W3CHttpResponseCodec.createException(W3CHttpResponseCodec.java:187)
	at org.openqa.selenium.remote.http.W3CHttpResponseCodec.decode(W3CHttpResponseCodec.java:122)
	at org.openqa.selenium.remote.http.W3CHttpResponseCodec.decode(W3CHttpResponseCodec.java:49)
	at org.openqa.selenium.remote.HttpCommandExecutor.execute(HttpCommandExecutor.java:158)
	at org.openqa.selenium.remote.RemoteWebDriver.execute(RemoteWebDriver.java:543)
	at org.openqa.selenium.remote.RemoteWebDriver.findElement(RemoteWebDriver.java:317)
	at org.openqa.selenium.remote.RemoteWebDriver.findElementByXPath(RemoteWebDriver.java:419)
	at org.openqa.selenium.By$ByXPath.findElement(By.java:353)
	at org.openqa.selenium.remote.RemoteWebDriver.findElement(RemoteWebDriver.java:309)
	at AmazonProductPage.addProductToCart(AmazonProductPage.java:27)
	at AmazonTest.deleteProductTest(AmazonTest.java:84)
	at java.base/java.util.concurrent.FutureTask.run(FutureTask.java:317)
	at java.base/java.util.concurrent.ThreadPoolExecutor.runWorker(ThreadPoolExecutor.java:1144)
	at java.base/java.util.concurrent.ThreadPoolExecutor$Worker.run(ThreadPoolExecutor.java:642)
	at java.base/java.lang.Thread.run(Thread.java:1589)
... Removed 17 stack frames</div></td></tr></table><p class="totop"><a href="#summary">back to summary</a></p>
<h3 id="m1">AmazonTest#changeSettingsTest</h3><table class="result"><tr><th class="invisible"/></tr></table><p class="totop"><a href="#summary">back to summary</a></p>
<h3 id="m2">AmazonTest#checkCartTest</h3><table class="result"><tr><th class="invisible"/></tr></table><p class="totop"><a href="#summary">back to summary</a></p>
<h3 id="m3">AmazonTest#checkFiltersTest</h3><table class="result"><tr><th class="invisible"/></tr></table><p class="totop"><a href="#summary">back to summary</a></p>
<h3 id="m4">AmazonTest#productSearchTest</h3><table class="result"><tr><th class="invisible"/></tr></table><p class="totop"><a href="#summary">back to summary</a></p>
<h2>Test edge</h2><h3 id="m5">AmazonTest#checkCartTest</h3><table class="result"><tr><th>Exception</th></tr><tr><td><div class="stacktrace">org.openqa.selenium.NoSuchElementException: no such element: Unable to locate element: {&quot;method&quot;:&quot;xpath&quot;,&quot;selector&quot;:&quot;//*[@id=&quot;attach-sidesheet-view-cart-button&quot;]/span/input&quot;}
  (Session info: MicrosoftEdge=110.0.1587.49)
For documentation on this error, please visit: http://seleniumhq.org/exceptions/no_such_element.html
Build info: version: &apos;3.12.0&apos;, revision: &apos;7c6e0b3&apos;, time: &apos;2018-05-08T14:04:26.12Z&apos;
System info: host: &apos;DESKTOP-VR8NC81&apos;, ip: &apos;192.168.0.11&apos;, os.name: &apos;Windows 10&apos;, os.arch: &apos;amd64&apos;, os.version: &apos;10.0&apos;, java.version: &apos;19.0.2&apos;
Driver info: org.openqa.selenium.remote.RemoteWebDriver
Capabilities {acceptInsecureCerts: false, browserName: msedge, browserVersion: 110.0.1587.49, javascriptEnabled: true, ms:edgeOptions: {debuggerAddress: localhost:54414}, msedge: {msedgedriverVersion: 110.0.1587.41 (dec2c0803210..., userDataDir: C:\Users\Nikolina\AppData\L...}, networkConnectionEnabled: false, pageLoadStrategy: normal, platform: ANY, platformName: ANY, proxy: Proxy(), se:bidiEnabled: false, se:cdp: ws://192.168.0.11:4444/sess..., se:cdpVersion: 110.0.1587.49, setWindowRect: true, strictFileInteractability: false, timeouts: {implicit: 0, pageLoad: 300000, script: 30000}, unhandledPromptBehavior: dismiss and notify, webauthn:extension:credBlob: true, webauthn:extension:largeBlob: true, webauthn:virtualAuthenticators: true}
Session ID: 8fc20e915ac66d1fa64b5602a4980987
*** Element info: {Using=xpath, value=//*[@id=&quot;attach-sidesheet-view-cart-button&quot;]/span/input}
	at org.openqa.selenium.remote.http.W3CHttpResponseCodec.createException(W3CHttpResponseCodec.java:187)
	at org.openqa.selenium.remote.http.W3CHttpResponseCodec.decode(W3CHttpResponseCodec.java:122)
	at org.openqa.selenium.remote.http.W3CHttpResponseCodec.decode(W3CHttpResponseCodec.java:49)
	at org.openqa.selenium.remote.HttpCommandExecutor.execute(HttpCommandExecutor.java:158)
	at org.openqa.selenium.remote.RemoteWebDriver.execute(RemoteWebDriver.java:543)
	at org.openqa.selenium.remote.RemoteWebDriver.findElement(RemoteWebDriver.java:317)
	at org.openqa.selenium.remote.RemoteWebDriver.findElementByXPath(RemoteWebDriver.java:419)
	at org.openqa.selenium.By$ByXPath.findElement(By.java:353)
	at org.openqa.selenium.remote.RemoteWebDriver.findElement(RemoteWebDriver.java:309)
	at AmazonProductPage.addProductToCart(AmazonProductPage.java:27)
	at AmazonTest.checkCartTest(AmazonTest.java:72)
	at java.base/java.util.concurrent.FutureTask.run(FutureTask.java:317)
	at java.base/java.util.concurrent.ThreadPoolExecutor.runWorker(ThreadPoolExecutor.java:1144)
	at java.base/java.util.concurrent.ThreadPoolExecutor$Worker.run(ThreadPoolExecutor.java:642)
	at java.base/java.lang.Thread.run(Thread.java:1589)
... Removed 17 stack frames</div></td></tr></table><p class="totop"><a href="#summary">back to summary</a></p>
<h3 id="m6">AmazonTest#changeSettingsTest</h3><table class="result"><tr><th class="invisible"/></tr></table><p class="totop"><a href="#summary">back to summary</a></p>
<h3 id="m7">AmazonTest#checkFiltersTest</h3><table class="result"><tr><th class="invisible"/></tr></table><p class="totop"><a href="#summary">back to summary</a></p>
<h3 id="m8">AmazonTest#deleteProductTest</h3><table class="result"><tr><th class="invisible"/></tr></table><p class="totop"><a href="#summary">back to summary</a></p>
<h3 id="m9">AmazonTest#productSearchTest</h3><table class="result"><tr><th class="invisible"/></tr></table><p class="totop"><a href="#summary">back to summary</a></p>
</body>
</html>
